[2018-12-17 15:47:41] INFO [main: CodeCraft-2019.py, 21] car_path is config/car.txt
[2018-12-17 15:47:41] INFO [main: CodeCraft-2019.py, 22] road_path is config/road.txt
[2018-12-17 15:47:41] INFO [main: CodeCraft-2019.py, 23] cross_path is config/cross.txt
[2018-12-17 15:47:41] INFO [main: CodeCraft-2019.py, 24] answer_path is config/answer.txt[2019-03-15 16:05:59] INFO [main: CodeCraft-2019.py, 21] car_path is config/car.txt
[2019-03-15 16:05:59] INFO [main: CodeCraft-2019.py, 22] road_path is config/road.txt
[2019-03-15 16:05:59] INFO [main: CodeCraft-2019.py, 23] cross_path is config/cross.txt
[2019-03-15 16:05:59] INFO [main: CodeCraft-2019.py, 24] answer_path is config/answer.txt
[2019-03-15 16:06:56] INFO [main: CodeCraft-2019.py, 21] car_path is config/car.txt
[2019-03-15 16:06:56] INFO [main: CodeCraft-2019.py, 22] road_path is config/road.txt
[2019-03-15 16:06:56] INFO [main: CodeCraft-2019.py, 23] cross_path is config/cross.txt
[2019-03-15 16:06:56] INFO [main: CodeCraft-2019.py, 24] answer_path is config/answer.txt
[2019-03-15 16:07:41] INFO [main: CodeCraft-2019.py, 21] car_path is config/car.txt
[2019-03-15 16:07:41] INFO [main: CodeCraft-2019.py, 22] road_path is config/road.txt
[2019-03-15 16:07:41] INFO [main: CodeCraft-2019.py, 23] cross_path is config/cross.txt
[2019-03-15 16:07:41] INFO [main: CodeCraft-2019.py, 24] answer_path is config/answer.txt
[2019-03-15 16:08:06] INFO [main: CodeCraft-2019.py, 21] car_path is config/car.txt
[2019-03-15 16:08:06] INFO [main: CodeCraft-2019.py, 22] road_path is config/road.txt
[2019-03-15 16:08:06] INFO [main: CodeCraft-2019.py, 23] cross_path is config/cross.txt
[2019-03-15 16:08:06] INFO [main: CodeCraft-2019.py, 24] answer_path is config/answer.txt
[2019-03-15 16:08:22] INFO [main: CodeCraft-2019.py, 21] car_path is config/car.txt
[2019-03-15 16:08:22] INFO [main: CodeCraft-2019.py, 22] road_path is config/road.txt
[2019-03-15 16:08:22] INFO [main: CodeCraft-2019.py, 23] cross_path is config/cross.txt
[2019-03-15 16:08:22] INFO [main: CodeCraft-2019.py, 24] answer_path is config/answer.txt
[2019-03-15 16:10:14] INFO [main: CodeCraft-2019.py, 21] car_path is config/car.txt
[2019-03-15 16:10:14] INFO [main: CodeCraft-2019.py, 22] road_path is config/road.txt
[2019-03-15 16:10:14] INFO [main: CodeCraft-2019.py, 23] cross_path is config/cross.txt
[2019-03-15 16:10:14] INFO [main: CodeCraft-2019.py, 24] answer_path is config/answer.txt
[2019-03-15 16:10:35] INFO [main: CodeCraft-2019.py, 21] car_path is config/car.txt
[2019-03-15 16:10:35] INFO [main: CodeCraft-2019.py, 22] road_path is config/road.txt
[2019-03-15 16:10:35] INFO [main: CodeCraft-2019.py, 23] cross_path is config/cross.txt
[2019-03-15 16:10:35] INFO [main: CodeCraft-2019.py, 24] answer_path is config/answer.txt
[2019-03-15 16:11:03] INFO [main: CodeCraft-2019.py, 21] car_path is config/car.txt
[2019-03-15 16:11:03] INFO [main: CodeCraft-2019.py, 22] road_path is config/road.txt
[2019-03-15 16:11:03] INFO [main: CodeCraft-2019.py, 23] cross_path is config/cross.txt
[2019-03-15 16:11:03] INFO [main: CodeCraft-2019.py, 24] answer_path is config/answer.txt
[2019-03-15 16:11:32] INFO [main: CodeCraft-2019.py, 21] car_path is config/car.txt
[2019-03-15 16:11:32] INFO [main: CodeCraft-2019.py, 22] road_path is config/road.txt
[2019-03-15 16:11:32] INFO [main: CodeCraft-2019.py, 23] cross_path is config/cross.txt
[2019-03-15 16:11:32] INFO [main: CodeCraft-2019.py, 24] answer_path is config/answer.txt
[2019-03-15 16:11:44] INFO [main: CodeCraft-2019.py, 21] car_path is config/car.txt
[2019-03-15 16:11:44] INFO [main: CodeCraft-2019.py, 22] road_path is config/road.txt
[2019-03-15 16:11:44] INFO [main: CodeCraft-2019.py, 23] cross_path is config/cross.txt
[2019-03-15 16:11:44] INFO [main: CodeCraft-2019.py, 24] answer_path is config/answer.txt
[2019-03-15 16:12:19] INFO [main: CodeCraft-2019.py, 21] car_path is config/car.txt
[2019-03-15 16:12:19] INFO [main: CodeCraft-2019.py, 22] road_path is config/road.txt
[2019-03-15 16:12:19] INFO [main: CodeCraft-2019.py, 23] cross_path is config/cross.txt
[2019-03-15 16:12:19] INFO [main: CodeCraft-2019.py, 24] answer_path is config/answer.txt
[2019-03-15 16:14:02] INFO [main: CodeCraft-2019.py, 21] car_path is config/car.txt
[2019-03-15 16:14:02] INFO [main: CodeCraft-2019.py, 22] road_path is config/road.txt
[2019-03-15 16:14:02] INFO [main: CodeCraft-2019.py, 23] cross_path is config/cross.txt
[2019-03-15 16:14:02] INFO [main: CodeCraft-2019.py, 24] answer_path is config/answer.txt
[2019-03-15 16:19:23] INFO [main: CodeCraft-2019.py, 21] car_path is config/car.txt
[2019-03-15 16:19:23] INFO [main: CodeCraft-2019.py, 22] road_path is config/road.txt
[2019-03-15 16:19:23] INFO [main: CodeCraft-2019.py, 23] cross_path is config/cross.txt
[2019-03-15 16:19:23] INFO [main: CodeCraft-2019.py, 24] answer_path is config/answer.txt
[2019-03-15 16:20:14] INFO [main: CodeCraft-2019.py, 21] car_path is config/car.txt
[2019-03-15 16:20:14] INFO [main: CodeCraft-2019.py, 22] road_path is config/road.txt
[2019-03-15 16:20:14] INFO [main: CodeCraft-2019.py, 23] cross_path is config/cross.txt
[2019-03-15 16:20:14] INFO [main: CodeCraft-2019.py, 24] answer_path is config/answer.txt
[2019-03-15 16:21:18] INFO [main: CodeCraft-2019.py, 21] car_path is config/car.txt
[2019-03-15 16:21:18] INFO [main: CodeCraft-2019.py, 22] road_path is config/road.txt
[2019-03-15 16:21:18] INFO [main: CodeCraft-2019.py, 23] cross_path is config/cross.txt
[2019-03-15 16:21:18] INFO [main: CodeCraft-2019.py, 24] answer_path is config/answer.txt
[2019-03-15 16:22:36] INFO [main: CodeCraft-2019.py, 21] car_path is config/car.txt
[2019-03-15 16:22:36] INFO [main: CodeCraft-2019.py, 22] road_path is config/road.txt
[2019-03-15 16:22:36] INFO [main: CodeCraft-2019.py, 23] cross_path is config/cross.txt
[2019-03-15 16:22:36] INFO [main: CodeCraft-2019.py, 24] answer_path is config/answer.txt
[2019-03-15 16:23:29] INFO [main: CodeCraft-2019.py, 21] car_path is config/car.txt
[2019-03-15 16:23:29] INFO [main: CodeCraft-2019.py, 22] road_path is config/road.txt
[2019-03-15 16:23:29] INFO [main: CodeCraft-2019.py, 23] cross_path is config/cross.txt
[2019-03-15 16:23:29] INFO [main: CodeCraft-2019.py, 24] answer_path is config/answer.txt
[2019-03-15 16:23:57] INFO [main: CodeCraft-2019.py, 21] car_path is config/car.txt
[2019-03-15 16:23:57] INFO [main: CodeCraft-2019.py, 22] road_path is config/road.txt
[2019-03-15 16:23:57] INFO [main: CodeCraft-2019.py, 23] cross_path is config/cross.txt
[2019-03-15 16:23:57] INFO [main: CodeCraft-2019.py, 24] answer_path is config/answer.txt
[2019-03-15 19:16:56] INFO [main: CodeCraft-2019.py, 22] car_path is config/car.txt
[2019-03-15 19:16:56] INFO [main: CodeCraft-2019.py, 23] road_path is config/road.txt
[2019-03-15 19:16:56] INFO [main: CodeCraft-2019.py, 24] cross_path is config/cross.txt
[2019-03-15 19:16:56] INFO [main: CodeCraft-2019.py, 25] answer_path is config/answer.txt
[2019-03-15 19:17:10] INFO [main: CodeCraft-2019.py, 22] car_path is config/car.txt
[2019-03-15 19:17:10] INFO [main: CodeCraft-2019.py, 23] road_path is config/road.txt
[2019-03-15 19:17:10] INFO [main: CodeCraft-2019.py, 24] cross_path is config/cross.txt
[2019-03-15 19:17:10] INFO [main: CodeCraft-2019.py, 25] answer_path is config/answer.txt
[2019-03-15 19:27:14] INFO [main: CodeCraft-2019.py, 22] car_path is config/car.txt
[2019-03-15 19:27:14] INFO [main: CodeCraft-2019.py, 23] road_path is config/road.txt
[2019-03-15 19:27:14] INFO [main: CodeCraft-2019.py, 24] cross_path is config/cross.txt
[2019-03-15 19:27:14] INFO [main: CodeCraft-2019.py, 25] answer_path is config/answer.txt
[2019-03-15 19:27:35] INFO [main: CodeCraft-2019.py, 22] car_path is config/car.txt
[2019-03-15 19:27:35] INFO [main: CodeCraft-2019.py, 23] road_path is config/road.txt
[2019-03-15 19:27:35] INFO [main: CodeCraft-2019.py, 24] cross_path is config/cross.txt
[2019-03-15 19:27:35] INFO [main: CodeCraft-2019.py, 25] answer_path is config/answer.txt
[2019-03-15 19:30:19] INFO [main: CodeCraft-2019.py, 22] car_path is config/car.txt
[2019-03-15 19:30:19] INFO [main: CodeCraft-2019.py, 23] road_path is config/road.txt
[2019-03-15 19:30:19] INFO [main: CodeCraft-2019.py, 24] cross_path is config/cross.txt
[2019-03-15 19:30:19] INFO [main: CodeCraft-2019.py, 25] answer_path is config/answer.txt
[2019-03-15 19:36:20] INFO [main: CodeCraft-2019.py, 22] car_path is config/car.txt
[2019-03-15 19:36:20] INFO [main: CodeCraft-2019.py, 23] road_path is config/road.txt
[2019-03-15 19:36:20] INFO [main: CodeCraft-2019.py, 24] cross_path is config/cross.txt
[2019-03-15 19:36:20] INFO [main: CodeCraft-2019.py, 25] answer_path is config/answer.txt
[2019-03-15 19:36:46] INFO [main: CodeCraft-2019.py, 22] car_path is config/car.txt
[2019-03-15 19:36:46] INFO [main: CodeCraft-2019.py, 23] road_path is config/road.txt
[2019-03-15 19:36:46] INFO [main: CodeCraft-2019.py, 24] cross_path is config/cross.txt
[2019-03-15 19:36:46] INFO [main: CodeCraft-2019.py, 25] answer_path is config/answer.txt
[2019-03-15 19:41:00] INFO [main: CodeCraft-2019.py, 23] car_path is config/car.txt
[2019-03-15 19:41:00] INFO [main: CodeCraft-2019.py, 24] road_path is config/road.txt
[2019-03-15 19:41:00] INFO [main: CodeCraft-2019.py, 25] cross_path is config/cross.txt
[2019-03-15 19:41:00] INFO [main: CodeCraft-2019.py, 26] answer_path is config/answer.txt
[2019-03-15 20:04:15] INFO [main: CodeCraft-2019.py, 23] car_path is config/car.txt
[2019-03-15 20:04:15] INFO [main: CodeCraft-2019.py, 24] road_path is config/road.txt
[2019-03-15 20:04:15] INFO [main: CodeCraft-2019.py, 25] cross_path is config/cross.txt
[2019-03-15 20:04:15] INFO [main: CodeCraft-2019.py, 26] answer_path is config/answer.txt
[2019-03-15 20:05:07] INFO [main: CodeCraft-2019.py, 23] car_path is config/car.txt
[2019-03-15 20:05:07] INFO [main: CodeCraft-2019.py, 24] road_path is config/road.txt
[2019-03-15 20:05:07] INFO [main: CodeCraft-2019.py, 25] cross_path is config/cross.txt
[2019-03-15 20:05:07] INFO [main: CodeCraft-2019.py, 26] answer_path is config/answer.txt
[2019-03-15 20:05:42] INFO [main: CodeCraft-2019.py, 23] car_path is config/car.txt
[2019-03-15 20:05:42] INFO [main: CodeCraft-2019.py, 24] road_path is config/road.txt
[2019-03-15 20:05:42] INFO [main: CodeCraft-2019.py, 25] cross_path is config/cross.txt
[2019-03-15 20:05:42] INFO [main: CodeCraft-2019.py, 26] answer_path is config/answer.txt
[2019-03-15 20:06:06] INFO [main: CodeCraft-2019.py, 23] car_path is config/car.txt
[2019-03-15 20:06:06] INFO [main: CodeCraft-2019.py, 24] road_path is config/road.txt
[2019-03-15 20:06:06] INFO [main: CodeCraft-2019.py, 25] cross_path is config/cross.txt
[2019-03-15 20:06:06] INFO [main: CodeCraft-2019.py, 26] answer_path is config/answer.txt
[2019-03-15 20:06:29] INFO [main: CodeCraft-2019.py, 23] car_path is config/car.txt
[2019-03-15 20:06:29] INFO [main: CodeCraft-2019.py, 24] road_path is config/road.txt
[2019-03-15 20:06:29] INFO [main: CodeCraft-2019.py, 25] cross_path is config/cross.txt
[2019-03-15 20:06:29] INFO [main: CodeCraft-2019.py, 26] answer_path is config/answer.txt
[2019-03-15 20:16:49] INFO [main: CodeCraft-2019.py, 23] car_path is config/car.txt
[2019-03-15 20:16:49] INFO [main: CodeCraft-2019.py, 24] road_path is config/road.txt
[2019-03-15 20:16:49] INFO [main: CodeCraft-2019.py, 25] cross_path is config/cross.txt
[2019-03-15 20:16:49] INFO [main: CodeCraft-2019.py, 26] answer_path is config/answer.txt
[2019-03-15 20:17:47] INFO [main: CodeCraft-2019.py, 23] car_path is config/car.txt
[2019-03-15 20:17:47] INFO [main: CodeCraft-2019.py, 24] road_path is config/road.txt
[2019-03-15 20:17:47] INFO [main: CodeCraft-2019.py, 25] cross_path is config/cross.txt
[2019-03-15 20:17:47] INFO [main: CodeCraft-2019.py, 26] answer_path is config/answer.txt
[2019-03-15 20:18:38] INFO [main: CodeCraft-2019.py, 23] car_path is config/car.txt
[2019-03-15 20:18:38] INFO [main: CodeCraft-2019.py, 24] road_path is config/road.txt
[2019-03-15 20:18:38] INFO [main: CodeCraft-2019.py, 25] cross_path is config/cross.txt
[2019-03-15 20:18:38] INFO [main: CodeCraft-2019.py, 26] answer_path is config/answer.txt
[2019-03-15 20:18:55] INFO [main: CodeCraft-2019.py, 23] car_path is config/car.txt
[2019-03-15 20:18:55] INFO [main: CodeCraft-2019.py, 24] road_path is config/road.txt
[2019-03-15 20:18:55] INFO [main: CodeCraft-2019.py, 25] cross_path is config/cross.txt
[2019-03-15 20:18:55] INFO [main: CodeCraft-2019.py, 26] answer_path is config/answer.txt
[2019-03-15 20:21:14] INFO [main: CodeCraft-2019.py, 23] car_path is config/car.txt
[2019-03-15 20:21:14] INFO [main: CodeCraft-2019.py, 24] road_path is config/road.txt
[2019-03-15 20:21:14] INFO [main: CodeCraft-2019.py, 25] cross_path is config/cross.txt
[2019-03-15 20:21:14] INFO [main: CodeCraft-2019.py, 26] answer_path is config/answer.txt
[2019-03-15 20:21:35] INFO [main: CodeCraft-2019.py, 23] car_path is config/car.txt
[2019-03-15 20:21:35] INFO [main: CodeCraft-2019.py, 24] road_path is config/road.txt
[2019-03-15 20:21:35] INFO [main: CodeCraft-2019.py, 25] cross_path is config/cross.txt
[2019-03-15 20:21:35] INFO [main: CodeCraft-2019.py, 26] answer_path is config/answer.txt
[2019-03-15 20:22:29] INFO [main: CodeCraft-2019.py, 23] car_path is config/car.txt
[2019-03-15 20:22:29] INFO [main: CodeCraft-2019.py, 24] road_path is config/road.txt
[2019-03-15 20:22:29] INFO [main: CodeCraft-2019.py, 25] cross_path is config/cross.txt
[2019-03-15 20:22:29] INFO [main: CodeCraft-2019.py, 26] answer_path is config/answer.txt
[2019-03-15 20:22:59] INFO [main: CodeCraft-2019.py, 23] car_path is config/car.txt
[2019-03-15 20:22:59] INFO [main: CodeCraft-2019.py, 24] road_path is config/road.txt
[2019-03-15 20:22:59] INFO [main: CodeCraft-2019.py, 25] cross_path is config/cross.txt
[2019-03-15 20:22:59] INFO [main: CodeCraft-2019.py, 26] answer_path is config/answer.txt
[2019-03-15 20:23:19] INFO [main: CodeCraft-2019.py, 23] car_path is config/car.txt
[2019-03-15 20:23:19] INFO [main: CodeCraft-2019.py, 24] road_path is config/road.txt
[2019-03-15 20:23:19] INFO [main: CodeCraft-2019.py, 25] cross_path is config/cross.txt
[2019-03-15 20:23:19] INFO [main: CodeCraft-2019.py, 26] answer_path is config/answer.txt
[2019-03-15 20:25:04] INFO [main: CodeCraft-2019.py, 23] car_path is config/car.txt
[2019-03-15 20:25:04] INFO [main: CodeCraft-2019.py, 24] road_path is config/road.txt
[2019-03-15 20:25:04] INFO [main: CodeCraft-2019.py, 25] cross_path is config/cross.txt
[2019-03-15 20:25:04] INFO [main: CodeCraft-2019.py, 26] answer_path is config/answer.txt
[2019-03-15 20:25:59] INFO [main: CodeCraft-2019.py, 23] car_path is config/car.txt
[2019-03-15 20:25:59] INFO [main: CodeCraft-2019.py, 24] road_path is config/road.txt
[2019-03-15 20:25:59] INFO [main: CodeCraft-2019.py, 25] cross_path is config/cross.txt
[2019-03-15 20:25:59] INFO [main: CodeCraft-2019.py, 26] answer_path is config/answer.txt
[2019-03-15 20:26:57] INFO [main: CodeCraft-2019.py, 23] car_path is config/car.txt
[2019-03-15 20:26:57] INFO [main: CodeCraft-2019.py, 24] road_path is config/road.txt
[2019-03-15 20:26:57] INFO [main: CodeCraft-2019.py, 25] cross_path is config/cross.txt
[2019-03-15 20:26:57] INFO [main: CodeCraft-2019.py, 26] answer_path is config/answer.txt
[2019-03-15 20:48:00] INFO [main: CodeCraft-2019.py, 23] car_path is config/car.txt
[2019-03-15 20:48:00] INFO [main: CodeCraft-2019.py, 24] road_path is config/road.txt
[2019-03-15 20:48:00] INFO [main: CodeCraft-2019.py, 25] cross_path is config/cross.txt
[2019-03-15 20:48:00] INFO [main: CodeCraft-2019.py, 26] answer_path is config/answer.txt
[2019-03-15 20:48:33] INFO [main: CodeCraft-2019.py, 23] car_path is config/car.txt
[2019-03-15 20:48:33] INFO [main: CodeCraft-2019.py, 24] road_path is config/road.txt
[2019-03-15 20:48:33] INFO [main: CodeCraft-2019.py, 25] cross_path is config/cross.txt
[2019-03-15 20:48:33] INFO [main: CodeCraft-2019.py, 26] answer_path is config/answer.txt
[2019-03-15 20:50:21] INFO [main: CodeCraft-2019.py, 23] car_path is config/car.txt
[2019-03-15 20:50:21] INFO [main: CodeCraft-2019.py, 24] road_path is config/road.txt
[2019-03-15 20:50:21] INFO [main: CodeCraft-2019.py, 25] cross_path is config/cross.txt
[2019-03-15 20:50:21] INFO [main: CodeCraft-2019.py, 26] answer_path is config/answer.txt
[2019-03-15 20:50:35] INFO [main: CodeCraft-2019.py, 23] car_path is config/car.txt
[2019-03-15 20:50:35] INFO [main: CodeCraft-2019.py, 24] road_path is config/road.txt
[2019-03-15 20:50:35] INFO [main: CodeCraft-2019.py, 25] cross_path is config/cross.txt
[2019-03-15 20:50:35] INFO [main: CodeCraft-2019.py, 26] answer_path is config/answer.txt
[2019-03-15 20:50:55] INFO [main: CodeCraft-2019.py, 23] car_path is config/car.txt
[2019-03-15 20:50:55] INFO [main: CodeCraft-2019.py, 24] road_path is config/road.txt
[2019-03-15 20:50:55] INFO [main: CodeCraft-2019.py, 25] cross_path is config/cross.txt
[2019-03-15 20:50:55] INFO [main: CodeCraft-2019.py, 26] answer_path is config/answer.txt
[2019-03-15 20:51:11] INFO [main: CodeCraft-2019.py, 23] car_path is config/car.txt
[2019-03-15 20:51:11] INFO [main: CodeCraft-2019.py, 24] road_path is config/road.txt
[2019-03-15 20:51:11] INFO [main: CodeCraft-2019.py, 25] cross_path is config/cross.txt
[2019-03-15 20:51:11] INFO [main: CodeCraft-2019.py, 26] answer_path is config/answer.txt
[2019-03-15 20:56:23] INFO [main: CodeCraft-2019.py, 23] car_path is config/car.txt
[2019-03-15 20:56:23] INFO [main: CodeCraft-2019.py, 24] road_path is config/road.txt
[2019-03-15 20:56:23] INFO [main: CodeCraft-2019.py, 25] cross_path is config/cross.txt
[2019-03-15 20:56:23] INFO [main: CodeCraft-2019.py, 26] answer_path is config/answer.txt
[2019-03-15 20:57:10] INFO [main: CodeCraft-2019.py, 23] car_path is config/car.txt
[2019-03-15 20:57:10] INFO [main: CodeCraft-2019.py, 24] road_path is config/road.txt
[2019-03-15 20:57:10] INFO [main: CodeCraft-2019.py, 25] cross_path is config/cross.txt
[2019-03-15 20:57:10] INFO [main: CodeCraft-2019.py, 26] answer_path is config/answer.txt
[2019-03-15 20:58:10] INFO [main: CodeCraft-2019.py, 23] car_path is config/car.txt
[2019-03-15 20:58:10] INFO [main: CodeCraft-2019.py, 24] road_path is config/road.txt
[2019-03-15 20:58:10] INFO [main: CodeCraft-2019.py, 25] cross_path is config/cross.txt
[2019-03-15 20:58:10] INFO [main: CodeCraft-2019.py, 26] answer_path is config/answer.txt
[2019-03-15 20:59:58] INFO [main: CodeCraft-2019.py, 23] car_path is config/car.txt
[2019-03-15 20:59:58] INFO [main: CodeCraft-2019.py, 24] road_path is config/road.txt
[2019-03-15 20:59:58] INFO [main: CodeCraft-2019.py, 25] cross_path is config/cross.txt
[2019-03-15 20:59:58] INFO [main: CodeCraft-2019.py, 26] answer_path is config/answer.txt
[2019-03-15 21:06:15] INFO [main: CodeCraft-2019.py, 23] car_path is config/car.txt
[2019-03-15 21:06:15] INFO [main: CodeCraft-2019.py, 24] road_path is config/road.txt
[2019-03-15 21:06:15] INFO [main: CodeCraft-2019.py, 25] cross_path is config/cross.txt
[2019-03-15 21:06:15] INFO [main: CodeCraft-2019.py, 26] answer_path is config/answer.txt
[2019-03-15 21:06:29] INFO [main: CodeCraft-2019.py, 23] car_path is config/car.txt
[2019-03-15 21:06:29] INFO [main: CodeCraft-2019.py, 24] road_path is config/road.txt
[2019-03-15 21:06:29] INFO [main: CodeCraft-2019.py, 25] cross_path is config/cross.txt
[2019-03-15 21:06:29] INFO [main: CodeCraft-2019.py, 26] answer_path is config/answer.txt
[2019-03-15 21:07:00] INFO [main: CodeCraft-2019.py, 23] car_path is config/car.txt
[2019-03-15 21:07:00] INFO [main: CodeCraft-2019.py, 24] road_path is config/road.txt
[2019-03-15 21:07:00] INFO [main: CodeCraft-2019.py, 25] cross_path is config/cross.txt
[2019-03-15 21:07:00] INFO [main: CodeCraft-2019.py, 26] answer_path is config/answer.txt
[2019-03-15 21:07:25] INFO [main: CodeCraft-2019.py, 23] car_path is config/car.txt
[2019-03-15 21:07:25] INFO [main: CodeCraft-2019.py, 24] road_path is config/road.txt
[2019-03-15 21:07:25] INFO [main: CodeCraft-2019.py, 25] cross_path is config/cross.txt
[2019-03-15 21:07:25] INFO [main: CodeCraft-2019.py, 26] answer_path is config/answer.txt
[2019-03-15 21:08:33] INFO [main: CodeCraft-2019.py, 23] car_path is config/car.txt
[2019-03-15 21:08:33] INFO [main: CodeCraft-2019.py, 24] road_path is config/road.txt
[2019-03-15 21:08:33] INFO [main: CodeCraft-2019.py, 25] cross_path is config/cross.txt
[2019-03-15 21:08:33] INFO [main: CodeCraft-2019.py, 26] answer_path is config/answer.txt
[2019-03-15 21:09:29] INFO [main: CodeCraft-2019.py, 23] car_path is config/car.txt
[2019-03-15 21:09:29] INFO [main: CodeCraft-2019.py, 24] road_path is config/road.txt
[2019-03-15 21:09:29] INFO [main: CodeCraft-2019.py, 25] cross_path is config/cross.txt
[2019-03-15 21:09:29] INFO [main: CodeCraft-2019.py, 26] answer_path is config/answer.txt
[2019-03-15 21:22:22] INFO [main: CodeCraft-2019.py, 23] car_path is config/car.txt
[2019-03-15 21:22:22] INFO [main: CodeCraft-2019.py, 24] road_path is config/road.txt
[2019-03-15 21:22:22] INFO [main: CodeCraft-2019.py, 25] cross_path is config/cross.txt
[2019-03-15 21:22:22] INFO [main: CodeCraft-2019.py, 26] answer_path is config/answer.txt
[2019-03-15 21:25:19] INFO [main: CodeCraft-2019.py, 23] car_path is config/car.txt
[2019-03-15 21:25:19] INFO [main: CodeCraft-2019.py, 24] road_path is config/road.txt
[2019-03-15 21:25:19] INFO [main: CodeCraft-2019.py, 25] cross_path is config/cross.txt
[2019-03-15 21:25:19] INFO [main: CodeCraft-2019.py, 26] answer_path is config/answer.txt
[2019-03-15 21:27:30] INFO [main: CodeCraft-2019.py, 23] car_path is config/car.txt
[2019-03-15 21:27:30] INFO [main: CodeCraft-2019.py, 24] road_path is config/road.txt
[2019-03-15 21:27:30] INFO [main: CodeCraft-2019.py, 25] cross_path is config/cross.txt
[2019-03-15 21:27:30] INFO [main: CodeCraft-2019.py, 26] answer_path is config/answer.txt
[2019-03-15 21:29:13] INFO [main: CodeCraft-2019.py, 23] car_path is config/car.txt
[2019-03-15 21:29:13] INFO [main: CodeCraft-2019.py, 24] road_path is config/road.txt
[2019-03-15 21:29:13] INFO [main: CodeCraft-2019.py, 25] cross_path is config/cross.txt
[2019-03-15 21:29:13] INFO [main: CodeCraft-2019.py, 26] answer_path is config/answer.txt
[2019-03-15 21:36:16] INFO [main: CodeCraft-2019.py, 23] car_path is config/car.txt
[2019-03-15 21:36:16] INFO [main: CodeCraft-2019.py, 24] road_path is config/road.txt
[2019-03-15 21:36:16] INFO [main: CodeCraft-2019.py, 25] cross_path is config/cross.txt
[2019-03-15 21:36:16] INFO [main: CodeCraft-2019.py, 26] answer_path is config/answer.txt
[2019-03-15 21:36:40] INFO [main: CodeCraft-2019.py, 23] car_path is config/car.txt
[2019-03-15 21:36:40] INFO [main: CodeCraft-2019.py, 24] road_path is config/road.txt
[2019-03-15 21:36:40] INFO [main: CodeCraft-2019.py, 25] cross_path is config/cross.txt
[2019-03-15 21:36:40] INFO [main: CodeCraft-2019.py, 26] answer_path is config/answer.txt
[2019-03-15 21:36:51] INFO [main: CodeCraft-2019.py, 23] car_path is config/car.txt
[2019-03-15 21:36:51] INFO [main: CodeCraft-2019.py, 24] road_path is config/road.txt
[2019-03-15 21:36:51] INFO [main: CodeCraft-2019.py, 25] cross_path is config/cross.txt
[2019-03-15 21:36:51] INFO [main: CodeCraft-2019.py, 26] answer_path is config/answer.txt
[2019-03-15 21:39:15] INFO [main: CodeCraft-2019.py, 23] car_path is config/car.txt
[2019-03-15 21:39:15] INFO [main: CodeCraft-2019.py, 24] road_path is config/road.txt
[2019-03-15 21:39:15] INFO [main: CodeCraft-2019.py, 25] cross_path is config/cross.txt
[2019-03-15 21:39:15] INFO [main: CodeCraft-2019.py, 26] answer_path is config/answer.txt
[2019-03-15 21:39:20] INFO [main: CodeCraft-2019.py, 23] car_path is config/car.txt
[2019-03-15 21:39:20] INFO [main: CodeCraft-2019.py, 24] road_path is config/road.txt
[2019-03-15 21:39:20] INFO [main: CodeCraft-2019.py, 25] cross_path is config/cross.txt
[2019-03-15 21:39:20] INFO [main: CodeCraft-2019.py, 26] answer_path is config/answer.txt
[2019-03-15 21:39:35] INFO [main: CodeCraft-2019.py, 23] car_path is config/car.txt
[2019-03-15 21:39:35] INFO [main: CodeCraft-2019.py, 24] road_path is config/road.txt
[2019-03-15 21:39:35] INFO [main: CodeCraft-2019.py, 25] cross_path is config/cross.txt
[2019-03-15 21:39:35] INFO [main: CodeCraft-2019.py, 26] answer_path is config/answer.txt
[2019-03-15 21:39:49] INFO [main: CodeCraft-2019.py, 23] car_path is config/car.txt
[2019-03-15 21:39:49] INFO [main: CodeCraft-2019.py, 24] road_path is config/road.txt
[2019-03-15 21:39:49] INFO [main: CodeCraft-2019.py, 25] cross_path is config/cross.txt
[2019-03-15 21:39:49] INFO [main: CodeCraft-2019.py, 26] answer_path is config/answer.txt
[2019-03-15 21:41:27] INFO [main: CodeCraft-2019.py, 23] car_path is config/car.txt
[2019-03-15 21:41:27] INFO [main: CodeCraft-2019.py, 24] road_path is config/road.txt
[2019-03-15 21:41:27] INFO [main: CodeCraft-2019.py, 25] cross_path is config/cross.txt
[2019-03-15 21:41:27] INFO [main: CodeCraft-2019.py, 26] answer_path is config/answer.txt
[2019-03-15 21:42:58] INFO [main: CodeCraft-2019.py, 23] car_path is config/car.txt
[2019-03-15 21:42:58] INFO [main: CodeCraft-2019.py, 24] road_path is config/road.txt
[2019-03-15 21:42:58] INFO [main: CodeCraft-2019.py, 25] cross_path is config/cross.txt
[2019-03-15 21:42:58] INFO [main: CodeCraft-2019.py, 26] answer_path is config/answer.txt
[2019-03-15 21:44:18] INFO [main: CodeCraft-2019.py, 23] car_path is config/car.txt
[2019-03-15 21:44:18] INFO [main: CodeCraft-2019.py, 24] road_path is config/road.txt
[2019-03-15 21:44:18] INFO [main: CodeCraft-2019.py, 25] cross_path is config/cross.txt
[2019-03-15 21:44:18] INFO [main: CodeCraft-2019.py, 26] answer_path is config/answer.txt
[2019-03-15 21:45:13] INFO [main: CodeCraft-2019.py, 23] car_path is config/car.txt
[2019-03-15 21:45:13] INFO [main: CodeCraft-2019.py, 24] road_path is config/road.txt
[2019-03-15 21:45:13] INFO [main: CodeCraft-2019.py, 25] cross_path is config/cross.txt
[2019-03-15 21:45:13] INFO [main: CodeCraft-2019.py, 26] answer_path is config/answer.txt
[2019-03-15 21:45:54] INFO [main: CodeCraft-2019.py, 23] car_path is config/car.txt
[2019-03-15 21:45:54] INFO [main: CodeCraft-2019.py, 24] road_path is config/road.txt
[2019-03-15 21:45:54] INFO [main: CodeCraft-2019.py, 25] cross_path is config/cross.txt
[2019-03-15 21:45:54] INFO [main: CodeCraft-2019.py, 26] answer_path is config/answer.txt
[2019-03-15 21:47:30] INFO [main: CodeCraft-2019.py, 23] car_path is config/car.txt
[2019-03-15 21:47:30] INFO [main: CodeCraft-2019.py, 24] road_path is config/road.txt
[2019-03-15 21:47:30] INFO [main: CodeCraft-2019.py, 25] cross_path is config/cross.txt
[2019-03-15 21:47:30] INFO [main: CodeCraft-2019.py, 26] answer_path is config/answer.txt
[2019-03-15 21:47:56] INFO [main: CodeCraft-2019.py, 23] car_path is config/car.txt
[2019-03-15 21:47:56] INFO [main: CodeCraft-2019.py, 24] road_path is config/road.txt
[2019-03-15 21:47:56] INFO [main: CodeCraft-2019.py, 25] cross_path is config/cross.txt
[2019-03-15 21:47:56] INFO [main: CodeCraft-2019.py, 26] answer_path is config/answer.txt
[2019-03-15 21:48:32] INFO [main: CodeCraft-2019.py, 23] car_path is config/car.txt
[2019-03-15 21:48:32] INFO [main: CodeCraft-2019.py, 24] road_path is config/road.txt
[2019-03-15 21:48:32] INFO [main: CodeCraft-2019.py, 25] cross_path is config/cross.txt
[2019-03-15 21:48:32] INFO [main: CodeCraft-2019.py, 26] answer_path is config/answer.txt
[2019-03-15 21:49:08] INFO [main: CodeCraft-2019.py, 23] car_path is config/car.txt
[2019-03-15 21:49:08] INFO [main: CodeCraft-2019.py, 24] road_path is config/road.txt
[2019-03-15 21:49:08] INFO [main: CodeCraft-2019.py, 25] cross_path is config/cross.txt
[2019-03-15 21:49:08] INFO [main: CodeCraft-2019.py, 26] answer_path is config/answer.txt
[2019-03-15 21:52:18] INFO [main: CodeCraft-2019.py, 23] car_path is config/car.txt
[2019-03-15 21:52:18] INFO [main: CodeCraft-2019.py, 24] road_path is config/road.txt
[2019-03-15 21:52:18] INFO [main: CodeCraft-2019.py, 25] cross_path is config/cross.txt
[2019-03-15 21:52:18] INFO [main: CodeCraft-2019.py, 26] answer_path is config/answer.txt
[2019-03-15 21:53:03] INFO [main: CodeCraft-2019.py, 23] car_path is config/car.txt
[2019-03-15 21:53:03] INFO [main: CodeCraft-2019.py, 24] road_path is config/road.txt
[2019-03-15 21:53:03] INFO [main: CodeCraft-2019.py, 25] cross_path is config/cross.txt
[2019-03-15 21:53:03] INFO [main: CodeCraft-2019.py, 26] answer_path is config/answer.txt
[2019-03-15 21:54:04] INFO [main: CodeCraft-2019.py, 23] car_path is config/car.txt
[2019-03-15 21:54:04] INFO [main: CodeCraft-2019.py, 24] road_path is config/road.txt
[2019-03-15 21:54:04] INFO [main: CodeCraft-2019.py, 25] cross_path is config/cross.txt
[2019-03-15 21:54:04] INFO [main: CodeCraft-2019.py, 26] answer_path is config/answer.txt
[2019-03-15 21:56:55] INFO [main: CodeCraft-2019.py, 23] car_path is config/car.txt
[2019-03-15 21:56:55] INFO [main: CodeCraft-2019.py, 24] road_path is config/road.txt
[2019-03-15 21:56:55] INFO [main: CodeCraft-2019.py, 25] cross_path is config/cross.txt
[2019-03-15 21:56:55] INFO [main: CodeCraft-2019.py, 26] answer_path is config/answer.txt
[2019-03-15 22:14:38] INFO [main: CodeCraft-2019.py, 131] car_path is config/car.txt
[2019-03-15 22:14:38] INFO [main: CodeCraft-2019.py, 132] road_path is config/road.txt
[2019-03-15 22:14:38] INFO [main: CodeCraft-2019.py, 133] cross_path is config/cross.txt
[2019-03-15 22:14:38] INFO [main: CodeCraft-2019.py, 134] answer_path is config/answer.txt
[2019-03-15 22:14:46] INFO [main: CodeCraft-2019.py, 131] car_path is config/car.txt
[2019-03-15 22:14:46] INFO [main: CodeCraft-2019.py, 132] road_path is config/road.txt
[2019-03-15 22:14:46] INFO [main: CodeCraft-2019.py, 133] cross_path is config/cross.txt
[2019-03-15 22:14:46] INFO [main: CodeCraft-2019.py, 134] answer_path is config/answer.txt
[2019-03-15 22:17:37] INFO [main: CodeCraft-2019.py, 131] car_path is config/car.txt
[2019-03-15 22:17:37] INFO [main: CodeCraft-2019.py, 132] road_path is config/road.txt
[2019-03-15 22:17:37] INFO [main: CodeCraft-2019.py, 133] cross_path is config/cross.txt
[2019-03-15 22:17:37] INFO [main: CodeCraft-2019.py, 134] answer_path is config/answer.txt
[2019-03-15 22:19:05] INFO [main: CodeCraft-2019.py, 131] car_path is config/car.txt
[2019-03-15 22:19:05] INFO [main: CodeCraft-2019.py, 132] road_path is config/road.txt
[2019-03-15 22:19:05] INFO [main: CodeCraft-2019.py, 133] cross_path is config/cross.txt
[2019-03-15 22:19:05] INFO [main: CodeCraft-2019.py, 134] answer_path is config/answer.txt
[2019-03-15 22:21:49] INFO [main: CodeCraft-2019.py, 129] car_path is config/car.txt
[2019-03-15 22:21:49] INFO [main: CodeCraft-2019.py, 130] road_path is config/road.txt
[2019-03-15 22:21:49] INFO [main: CodeCraft-2019.py, 131] cross_path is config/cross.txt
[2019-03-15 22:21:49] INFO [main: CodeCraft-2019.py, 132] answer_path is config/answer.txt
[2019-03-15 22:23:20] INFO [main: CodeCraft-2019.py, 129] car_path is config/car.txt
[2019-03-15 22:23:20] INFO [main: CodeCraft-2019.py, 130] road_path is config/road.txt
[2019-03-15 22:23:20] INFO [main: CodeCraft-2019.py, 131] cross_path is config/cross.txt
[2019-03-15 22:23:20] INFO [main: CodeCraft-2019.py, 132] answer_path is config/answer.txt
[2019-03-15 22:26:10] INFO [main: CodeCraft-2019.py, 129] car_path is config/car.txt
[2019-03-15 22:26:10] INFO [main: CodeCraft-2019.py, 130] road_path is config/road.txt
[2019-03-15 22:26:10] INFO [main: CodeCraft-2019.py, 131] cross_path is config/cross.txt
[2019-03-15 22:26:10] INFO [main: CodeCraft-2019.py, 132] answer_path is config/answer.txt
[2019-03-15 22:27:02] INFO [main: CodeCraft-2019.py, 129] car_path is config/car.txt
[2019-03-15 22:27:02] INFO [main: CodeCraft-2019.py, 130] road_path is config/road.txt
[2019-03-15 22:27:02] INFO [main: CodeCraft-2019.py, 131] cross_path is config/cross.txt
[2019-03-15 22:27:02] INFO [main: CodeCraft-2019.py, 132] answer_path is config/answer.txt
[2019-03-15 22:27:25] INFO [main: CodeCraft-2019.py, 129] car_path is config/car.txt
[2019-03-15 22:27:25] INFO [main: CodeCraft-2019.py, 130] road_path is config/road.txt
[2019-03-15 22:27:25] INFO [main: CodeCraft-2019.py, 131] cross_path is config/cross.txt
[2019-03-15 22:27:25] INFO [main: CodeCraft-2019.py, 132] answer_path is config/answer.txt
[2019-03-15 22:27:49] INFO [main: CodeCraft-2019.py, 129] car_path is config/car.txt
[2019-03-15 22:27:49] INFO [main: CodeCraft-2019.py, 130] road_path is config/road.txt
[2019-03-15 22:27:49] INFO [main: CodeCraft-2019.py, 131] cross_path is config/cross.txt
[2019-03-15 22:27:49] INFO [main: CodeCraft-2019.py, 132] answer_path is config/answer.txt
[2019-03-15 22:28:57] INFO [main: CodeCraft-2019.py, 129] car_path is config/car.txt
[2019-03-15 22:28:57] INFO [main: CodeCraft-2019.py, 130] road_path is config/road.txt
[2019-03-15 22:28:57] INFO [main: CodeCraft-2019.py, 131] cross_path is config/cross.txt
[2019-03-15 22:28:57] INFO [main: CodeCraft-2019.py, 132] answer_path is config/answer.txt
[2019-03-15 22:30:16] INFO [main: CodeCraft-2019.py, 129] car_path is config/car.txt
[2019-03-15 22:30:16] INFO [main: CodeCraft-2019.py, 130] road_path is config/road.txt
[2019-03-15 22:30:16] INFO [main: CodeCraft-2019.py, 131] cross_path is config/cross.txt
[2019-03-15 22:30:16] INFO [main: CodeCraft-2019.py, 132] answer_path is config/answer.txt
[2019-03-15 22:31:43] INFO [main: CodeCraft-2019.py, 129] car_path is config/car.txt
[2019-03-15 22:31:43] INFO [main: CodeCraft-2019.py, 130] road_path is config/road.txt
[2019-03-15 22:31:43] INFO [main: CodeCraft-2019.py, 131] cross_path is config/cross.txt
[2019-03-15 22:31:43] INFO [main: CodeCraft-2019.py, 132] answer_path is config/answer.txt
[2019-03-15 22:33:53] INFO [main: CodeCraft-2019.py, 132] car_path is config/car.txt
[2019-03-15 22:33:53] INFO [main: CodeCraft-2019.py, 133] road_path is config/road.txt
[2019-03-15 22:33:53] INFO [main: CodeCraft-2019.py, 134] cross_path is config/cross.txt
[2019-03-15 22:33:53] INFO [main: CodeCraft-2019.py, 135] answer_path is config/answer.txt
[2019-03-15 22:34:25] INFO [main: CodeCraft-2019.py, 132] car_path is config/car.txt
[2019-03-15 22:34:25] INFO [main: CodeCraft-2019.py, 133] road_path is config/road.txt
[2019-03-15 22:34:25] INFO [main: CodeCraft-2019.py, 134] cross_path is config/cross.txt
[2019-03-15 22:34:25] INFO [main: CodeCraft-2019.py, 135] answer_path is config/answer.txt
[2019-03-15 22:34:41] INFO [main: CodeCraft-2019.py, 132] car_path is config/car.txt
[2019-03-15 22:34:41] INFO [main: CodeCraft-2019.py, 133] road_path is config/road.txt
[2019-03-15 22:34:41] INFO [main: CodeCraft-2019.py, 134] cross_path is config/cross.txt
[2019-03-15 22:34:41] INFO [main: CodeCraft-2019.py, 135] answer_path is config/answer.txt
[2019-03-15 22:35:43] INFO [main: CodeCraft-2019.py, 132] car_path is config/car.txt
[2019-03-15 22:35:43] INFO [main: CodeCraft-2019.py, 133] road_path is config/road.txt
[2019-03-15 22:35:43] INFO [main: CodeCraft-2019.py, 134] cross_path is config/cross.txt
[2019-03-15 22:35:43] INFO [main: CodeCraft-2019.py, 135] answer_path is config/answer.txt
[2019-03-15 22:36:13] INFO [main: CodeCraft-2019.py, 132] car_path is config/car.txt
[2019-03-15 22:36:13] INFO [main: CodeCraft-2019.py, 133] road_path is config/road.txt
[2019-03-15 22:36:13] INFO [main: CodeCraft-2019.py, 134] cross_path is config/cross.txt
[2019-03-15 22:36:13] INFO [main: CodeCraft-2019.py, 135] answer_path is config/answer.txt
[2019-03-15 22:36:19] INFO [main: CodeCraft-2019.py, 132] car_path is config/car.txt
[2019-03-15 22:36:19] INFO [main: CodeCraft-2019.py, 133] road_path is config/road.txt
[2019-03-15 22:36:19] INFO [main: CodeCraft-2019.py, 134] cross_path is config/cross.txt
[2019-03-15 22:36:19] INFO [main: CodeCraft-2019.py, 135] answer_path is config/answer.txt
[2019-03-15 22:38:59] INFO [main: CodeCraft-2019.py, 132] car_path is config/car.txt
[2019-03-15 22:38:59] INFO [main: CodeCraft-2019.py, 133] road_path is config/road.txt
[2019-03-15 22:38:59] INFO [main: CodeCraft-2019.py, 134] cross_path is config/cross.txt
[2019-03-15 22:38:59] INFO [main: CodeCraft-2019.py, 135] answer_path is config/answer.txt
[2019-03-15 22:39:30] INFO [main: CodeCraft-2019.py, 132] car_path is config/car.txt
[2019-03-15 22:39:30] INFO [main: CodeCraft-2019.py, 133] road_path is config/road.txt
[2019-03-15 22:39:30] INFO [main: CodeCraft-2019.py, 134] cross_path is config/cross.txt
[2019-03-15 22:39:30] INFO [main: CodeCraft-2019.py, 135] answer_path is config/answer.txt
[2019-03-15 22:39:47] INFO [main: CodeCraft-2019.py, 132] car_path is config/car.txt
[2019-03-15 22:39:47] INFO [main: CodeCraft-2019.py, 133] road_path is config/road.txt
[2019-03-15 22:39:47] INFO [main: CodeCraft-2019.py, 134] cross_path is config/cross.txt
[2019-03-15 22:39:47] INFO [main: CodeCraft-2019.py, 135] answer_path is config/answer.txt
[2019-03-15 22:39:59] INFO [main: CodeCraft-2019.py, 132] car_path is config/car.txt
[2019-03-15 22:39:59] INFO [main: CodeCraft-2019.py, 133] road_path is config/road.txt
[2019-03-15 22:39:59] INFO [main: CodeCraft-2019.py, 134] cross_path is config/cross.txt
[2019-03-15 22:39:59] INFO [main: CodeCraft-2019.py, 135] answer_path is config/answer.txt
[2019-03-15 22:40:07] INFO [main: CodeCraft-2019.py, 132] car_path is config/car.txt
[2019-03-15 22:40:07] INFO [main: CodeCraft-2019.py, 133] road_path is config/road.txt
[2019-03-15 22:40:07] INFO [main: CodeCraft-2019.py, 134] cross_path is config/cross.txt
[2019-03-15 22:40:07] INFO [main: CodeCraft-2019.py, 135] answer_path is config/answer.txt
[2019-03-15 22:43:59] INFO [main: CodeCraft-2019.py, 132] car_path is config/car.txt
[2019-03-15 22:43:59] INFO [main: CodeCraft-2019.py, 133] road_path is config/road.txt
[2019-03-15 22:43:59] INFO [main: CodeCraft-2019.py, 134] cross_path is config/cross.txt
[2019-03-15 22:43:59] INFO [main: CodeCraft-2019.py, 135] answer_path is config/answer.txt
[2019-03-15 22:44:27] INFO [main: CodeCraft-2019.py, 132] car_path is config/car.txt
[2019-03-15 22:44:27] INFO [main: CodeCraft-2019.py, 133] road_path is config/road.txt
[2019-03-15 22:44:27] INFO [main: CodeCraft-2019.py, 134] cross_path is config/cross.txt
[2019-03-15 22:44:27] INFO [main: CodeCraft-2019.py, 135] answer_path is config/answer.txt
[2019-03-15 22:45:08] INFO [main: CodeCraft-2019.py, 132] car_path is config/car.txt
[2019-03-15 22:45:08] INFO [main: CodeCraft-2019.py, 133] road_path is config/road.txt
[2019-03-15 22:45:08] INFO [main: CodeCraft-2019.py, 134] cross_path is config/cross.txt
[2019-03-15 22:45:08] INFO [main: CodeCraft-2019.py, 135] answer_path is config/answer.txt
[2019-03-15 22:45:48] INFO [main: CodeCraft-2019.py, 132] car_path is config/car.txt
[2019-03-15 22:45:48] INFO [main: CodeCraft-2019.py, 133] road_path is config/road.txt
[2019-03-15 22:45:48] INFO [main: CodeCraft-2019.py, 134] cross_path is config/cross.txt
[2019-03-15 22:45:48] INFO [main: CodeCraft-2019.py, 135] answer_path is config/answer.txt
[2019-03-15 22:46:36] INFO [main: CodeCraft-2019.py, 132] car_path is config/car.txt
[2019-03-15 22:46:36] INFO [main: CodeCraft-2019.py, 133] road_path is config/road.txt
[2019-03-15 22:46:36] INFO [main: CodeCraft-2019.py, 134] cross_path is config/cross.txt
[2019-03-15 22:46:36] INFO [main: CodeCraft-2019.py, 135] answer_path is config/answer.txt
[2019-03-15 22:46:55] INFO [main: CodeCraft-2019.py, 132] car_path is config/car.txt
[2019-03-15 22:46:55] INFO [main: CodeCraft-2019.py, 133] road_path is config/road.txt
[2019-03-15 22:46:55] INFO [main: CodeCraft-2019.py, 134] cross_path is config/cross.txt
[2019-03-15 22:46:55] INFO [main: CodeCraft-2019.py, 135] answer_path is config/answer.txt
[2019-03-15 22:47:13] INFO [main: CodeCraft-2019.py, 132] car_path is config/car.txt
[2019-03-15 22:47:13] INFO [main: CodeCraft-2019.py, 133] road_path is config/road.txt
[2019-03-15 22:47:13] INFO [main: CodeCraft-2019.py, 134] cross_path is config/cross.txt
[2019-03-15 22:47:13] INFO [main: CodeCraft-2019.py, 135] answer_path is config/answer.txt
[2019-03-15 22:51:15] INFO [main: CodeCraft-2019.py, 132] car_path is config/car.txt
[2019-03-15 22:51:15] INFO [main: CodeCraft-2019.py, 133] road_path is config/road.txt
[2019-03-15 22:51:15] INFO [main: CodeCraft-2019.py, 134] cross_path is config/cross.txt
[2019-03-15 22:51:15] INFO [main: CodeCraft-2019.py, 135] answer_path is config/answer.txt
[2019-03-15 22:52:41] INFO [main: CodeCraft-2019.py, 132] car_path is config/car.txt
[2019-03-15 22:52:41] INFO [main: CodeCraft-2019.py, 133] road_path is config/road.txt
[2019-03-15 22:52:41] INFO [main: CodeCraft-2019.py, 134] cross_path is config/cross.txt
[2019-03-15 22:52:41] INFO [main: CodeCraft-2019.py, 135] answer_path is config/answer.txt
[2019-03-15 22:53:17] INFO [main: CodeCraft-2019.py, 132] car_path is config/car.txt
[2019-03-15 22:53:17] INFO [main: CodeCraft-2019.py, 133] road_path is config/road.txt
[2019-03-15 22:53:17] INFO [main: CodeCraft-2019.py, 134] cross_path is config/cross.txt
[2019-03-15 22:53:17] INFO [main: CodeCraft-2019.py, 135] answer_path is config/answer.txt
[2019-03-15 22:53:44] INFO [main: CodeCraft-2019.py, 132] car_path is config/car.txt
[2019-03-15 22:53:44] INFO [main: CodeCraft-2019.py, 133] road_path is config/road.txt
[2019-03-15 22:53:44] INFO [main: CodeCraft-2019.py, 134] cross_path is config/cross.txt
[2019-03-15 22:53:44] INFO [main: CodeCraft-2019.py, 135] answer_path is config/answer.txt
[2019-03-15 22:53:57] INFO [main: CodeCraft-2019.py, 132] car_path is config/car.txt
[2019-03-15 22:53:57] INFO [main: CodeCraft-2019.py, 133] road_path is config/road.txt
[2019-03-15 22:53:57] INFO [main: CodeCraft-2019.py, 134] cross_path is config/cross.txt
[2019-03-15 22:53:57] INFO [main: CodeCraft-2019.py, 135] answer_path is config/answer.txt
[2019-03-15 22:54:17] INFO [main: CodeCraft-2019.py, 132] car_path is config/car.txt
[2019-03-15 22:54:17] INFO [main: CodeCraft-2019.py, 133] road_path is config/road.txt
[2019-03-15 22:54:17] INFO [main: CodeCraft-2019.py, 134] cross_path is config/cross.txt
[2019-03-15 22:54:17] INFO [main: CodeCraft-2019.py, 135] answer_path is config/answer.txt
[2019-03-15 22:54:58] INFO [main: CodeCraft-2019.py, 132] car_path is config/car.txt
[2019-03-15 22:54:58] INFO [main: CodeCraft-2019.py, 133] road_path is config/road.txt
[2019-03-15 22:54:58] INFO [main: CodeCraft-2019.py, 134] cross_path is config/cross.txt
[2019-03-15 22:54:58] INFO [main: CodeCraft-2019.py, 135] answer_path is config/answer.txt
[2019-03-15 22:55:04] INFO [main: CodeCraft-2019.py, 132] car_path is config/car.txt
[2019-03-15 22:55:04] INFO [main: CodeCraft-2019.py, 133] road_path is config/road.txt
[2019-03-15 22:55:04] INFO [main: CodeCraft-2019.py, 134] cross_path is config/cross.txt
[2019-03-15 22:55:04] INFO [main: CodeCraft-2019.py, 135] answer_path is config/answer.txt
[2019-03-15 22:55:33] INFO [main: CodeCraft-2019.py, 132] car_path is config/car.txt
[2019-03-15 22:55:33] INFO [main: CodeCraft-2019.py, 133] road_path is config/road.txt
[2019-03-15 22:55:33] INFO [main: CodeCraft-2019.py, 134] cross_path is config/cross.txt
[2019-03-15 22:55:33] INFO [main: CodeCraft-2019.py, 135] answer_path is config/answer.txt
[2019-03-15 22:55:48] INFO [main: CodeCraft-2019.py, 132] car_path is config/car.txt
[2019-03-15 22:55:48] INFO [main: CodeCraft-2019.py, 133] road_path is config/road.txt
[2019-03-15 22:55:48] INFO [main: CodeCraft-2019.py, 134] cross_path is config/cross.txt
[2019-03-15 22:55:48] INFO [main: CodeCraft-2019.py, 135] answer_path is config/answer.txt
[2019-03-15 22:56:52] INFO [main: CodeCraft-2019.py, 132] car_path is config/car.txt
[2019-03-15 22:56:52] INFO [main: CodeCraft-2019.py, 133] road_path is config/road.txt
[2019-03-15 22:56:52] INFO [main: CodeCraft-2019.py, 134] cross_path is config/cross.txt
[2019-03-15 22:56:52] INFO [main: CodeCraft-2019.py, 135] answer_path is config/answer.txt
[2019-03-15 23:00:30] INFO [main: CodeCraft-2019.py, 132] car_path is config/car.txt
[2019-03-15 23:00:30] INFO [main: CodeCraft-2019.py, 133] road_path is config/road.txt
[2019-03-15 23:00:30] INFO [main: CodeCraft-2019.py, 134] cross_path is config/cross.txt
[2019-03-15 23:00:30] INFO [main: CodeCraft-2019.py, 135] answer_path is config/answer.txt
[2019-03-15 23:01:15] INFO [main: CodeCraft-2019.py, 132] car_path is config/car.txt
[2019-03-15 23:01:15] INFO [main: CodeCraft-2019.py, 133] road_path is config/road.txt
[2019-03-15 23:01:15] INFO [main: CodeCraft-2019.py, 134] cross_path is config/cross.txt
[2019-03-15 23:01:15] INFO [main: CodeCraft-2019.py, 135] answer_path is config/answer.txt
[2019-03-15 23:01:44] INFO [main: CodeCraft-2019.py, 132] car_path is config/car.txt
[2019-03-15 23:01:44] INFO [main: CodeCraft-2019.py, 133] road_path is config/road.txt
[2019-03-15 23:01:44] INFO [main: CodeCraft-2019.py, 134] cross_path is config/cross.txt
[2019-03-15 23:01:44] INFO [main: CodeCraft-2019.py, 135] answer_path is config/answer.txt
[2019-03-15 23:02:01] INFO [main: CodeCraft-2019.py, 132] car_path is config/car.txt
[2019-03-15 23:02:01] INFO [main: CodeCraft-2019.py, 133] road_path is config/road.txt
[2019-03-15 23:02:01] INFO [main: CodeCraft-2019.py, 134] cross_path is config/cross.txt
[2019-03-15 23:02:01] INFO [main: CodeCraft-2019.py, 135] answer_path is config/answer.txt
[2019-03-15 23:02:12] INFO [main: CodeCraft-2019.py, 132] car_path is config/car.txt
[2019-03-15 23:02:12] INFO [main: CodeCraft-2019.py, 133] road_path is config/road.txt
[2019-03-15 23:02:12] INFO [main: CodeCraft-2019.py, 134] cross_path is config/cross.txt
[2019-03-15 23:02:12] INFO [main: CodeCraft-2019.py, 135] answer_path is config/answer.txt
[2019-03-15 23:02:20] INFO [main: CodeCraft-2019.py, 132] car_path is config/car.txt
[2019-03-15 23:02:20] INFO [main: CodeCraft-2019.py, 133] road_path is config/road.txt
[2019-03-15 23:02:20] INFO [main: CodeCraft-2019.py, 134] cross_path is config/cross.txt
[2019-03-15 23:02:20] INFO [main: CodeCraft-2019.py, 135] answer_path is config/answer.txt
[2019-03-15 23:03:39] INFO [main: CodeCraft-2019.py, 132] car_path is config/car.txt
[2019-03-15 23:03:39] INFO [main: CodeCraft-2019.py, 133] road_path is config/road.txt
[2019-03-15 23:03:39] INFO [main: CodeCraft-2019.py, 134] cross_path is config/cross.txt
[2019-03-15 23:03:39] INFO [main: CodeCraft-2019.py, 135] answer_path is config/answer.txt
[2019-03-15 23:03:44] INFO [main: CodeCraft-2019.py, 132] car_path is config/car.txt
[2019-03-15 23:03:44] INFO [main: CodeCraft-2019.py, 133] road_path is config/road.txt
[2019-03-15 23:03:44] INFO [main: CodeCraft-2019.py, 134] cross_path is config/cross.txt
[2019-03-15 23:03:44] INFO [main: CodeCraft-2019.py, 135] answer_path is config/answer.txt
[2019-03-15 23:03:46] INFO [main: CodeCraft-2019.py, 132] car_path is config/car.txt
[2019-03-15 23:03:46] INFO [main: CodeCraft-2019.py, 133] road_path is config/road.txt
[2019-03-15 23:03:46] INFO [main: CodeCraft-2019.py, 134] cross_path is config/cross.txt
[2019-03-15 23:03:46] INFO [main: CodeCraft-2019.py, 135] answer_path is config/answer.txt
[2019-03-15 23:03:48] INFO [main: CodeCraft-2019.py, 132] car_path is config/car.txt
[2019-03-15 23:03:48] INFO [main: CodeCraft-2019.py, 133] road_path is config/road.txt
[2019-03-15 23:03:48] INFO [main: CodeCraft-2019.py, 134] cross_path is config/cross.txt
[2019-03-15 23:03:48] INFO [main: CodeCraft-2019.py, 135] answer_path is config/answer.txt
[2019-03-15 23:03:58] INFO [main: CodeCraft-2019.py, 132] car_path is config/car.txt
[2019-03-15 23:03:58] INFO [main: CodeCraft-2019.py, 133] road_path is config/road.txt
[2019-03-15 23:03:58] INFO [main: CodeCraft-2019.py, 134] cross_path is config/cross.txt
[2019-03-15 23:03:58] INFO [main: CodeCraft-2019.py, 135] answer_path is config/answer.txt
[2019-03-15 23:04:10] INFO [main: CodeCraft-2019.py, 132] car_path is config/car.txt
[2019-03-15 23:04:10] INFO [main: CodeCraft-2019.py, 133] road_path is config/road.txt
[2019-03-15 23:04:10] INFO [main: CodeCraft-2019.py, 134] cross_path is config/cross.txt
[2019-03-15 23:04:10] INFO [main: CodeCraft-2019.py, 135] answer_path is config/answer.txt
[2019-03-15 23:04:24] INFO [main: CodeCraft-2019.py, 132] car_path is config/car.txt
[2019-03-15 23:04:24] INFO [main: CodeCraft-2019.py, 133] road_path is config/road.txt
[2019-03-15 23:04:24] INFO [main: CodeCraft-2019.py, 134] cross_path is config/cross.txt
[2019-03-15 23:04:24] INFO [main: CodeCraft-2019.py, 135] answer_path is config/answer.txt
[2019-03-15 23:04:31] INFO [main: CodeCraft-2019.py, 132] car_path is config/car.txt
[2019-03-15 23:04:31] INFO [main: CodeCraft-2019.py, 133] road_path is config/road.txt
[2019-03-15 23:04:31] INFO [main: CodeCraft-2019.py, 134] cross_path is config/cross.txt
[2019-03-15 23:04:31] INFO [main: CodeCraft-2019.py, 135] answer_path is config/answer.txt
[2019-03-15 23:05:47] INFO [main: CodeCraft-2019.py, 132] car_path is config/car.txt
[2019-03-15 23:05:47] INFO [main: CodeCraft-2019.py, 133] road_path is config/road.txt
[2019-03-15 23:05:47] INFO [main: CodeCraft-2019.py, 134] cross_path is config/cross.txt
[2019-03-15 23:05:47] INFO [main: CodeCraft-2019.py, 135] answer_path is config/answer.txt
[2019-03-15 23:05:49] INFO [main: CodeCraft-2019.py, 132] car_path is config/car.txt
[2019-03-15 23:05:49] INFO [main: CodeCraft-2019.py, 133] road_path is config/road.txt
[2019-03-15 23:05:49] INFO [main: CodeCraft-2019.py, 134] cross_path is config/cross.txt
[2019-03-15 23:05:49] INFO [main: CodeCraft-2019.py, 135] answer_path is config/answer.txt
[2019-03-15 23:05:50] INFO [main: CodeCraft-2019.py, 132] car_path is config/car.txt
[2019-03-15 23:05:50] INFO [main: CodeCraft-2019.py, 133] road_path is config/road.txt
[2019-03-15 23:05:50] INFO [main: CodeCraft-2019.py, 134] cross_path is config/cross.txt
[2019-03-15 23:05:50] INFO [main: CodeCraft-2019.py, 135] answer_path is config/answer.txt
[2019-03-15 23:05:51] INFO [main: CodeCraft-2019.py, 132] car_path is config/car.txt
[2019-03-15 23:05:51] INFO [main: CodeCraft-2019.py, 133] road_path is config/road.txt
[2019-03-15 23:05:51] INFO [main: CodeCraft-2019.py, 134] cross_path is config/cross.txt
[2019-03-15 23:05:51] INFO [main: CodeCraft-2019.py, 135] answer_path is config/answer.txt
[2019-03-15 23:05:52] INFO [main: CodeCraft-2019.py, 132] car_path is config/car.txt
[2019-03-15 23:05:52] INFO [main: CodeCraft-2019.py, 133] road_path is config/road.txt
[2019-03-15 23:05:52] INFO [main: CodeCraft-2019.py, 134] cross_path is config/cross.txt
[2019-03-15 23:05:52] INFO [main: CodeCraft-2019.py, 135] answer_path is config/answer.txt
[2019-03-15 23:05:53] INFO [main: CodeCraft-2019.py, 132] car_path is config/car.txt
[2019-03-15 23:05:53] INFO [main: CodeCraft-2019.py, 133] road_path is config/road.txt
[2019-03-15 23:05:53] INFO [main: CodeCraft-2019.py, 134] cross_path is config/cross.txt
[2019-03-15 23:05:53] INFO [main: CodeCraft-2019.py, 135] answer_path is config/answer.txt
[2019-03-15 23:08:14] INFO [main: CodeCraft-2019.py, 132] car_path is config/car.txt
[2019-03-15 23:08:14] INFO [main: CodeCraft-2019.py, 133] road_path is config/road.txt
[2019-03-15 23:08:14] INFO [main: CodeCraft-2019.py, 134] cross_path is config/cross.txt
[2019-03-15 23:08:14] INFO [main: CodeCraft-2019.py, 135] answer_path is config/answer.txt
[2019-03-15 23:08:23] INFO [main: CodeCraft-2019.py, 132] car_path is config/car.txt
[2019-03-15 23:08:23] INFO [main: CodeCraft-2019.py, 133] road_path is config/road.txt
[2019-03-15 23:08:23] INFO [main: CodeCraft-2019.py, 134] cross_path is config/cross.txt
[2019-03-15 23:08:23] INFO [main: CodeCraft-2019.py, 135] answer_path is config/answer.txt
[2019-03-15 23:10:03] INFO [main: CodeCraft-2019.py, 132] car_path is config/car.txt
[2019-03-15 23:10:03] INFO [main: CodeCraft-2019.py, 133] road_path is config/road.txt
[2019-03-15 23:10:03] INFO [main: CodeCraft-2019.py, 134] cross_path is config/cross.txt
[2019-03-15 23:10:03] INFO [main: CodeCraft-2019.py, 135] answer_path is config/answer.txt
[2019-03-15 23:10:07] INFO [main: CodeCraft-2019.py, 132] car_path is config/car.txt
[2019-03-15 23:10:07] INFO [main: CodeCraft-2019.py, 133] road_path is config/road.txt
[2019-03-15 23:10:07] INFO [main: CodeCraft-2019.py, 134] cross_path is config/cross.txt
[2019-03-15 23:10:07] INFO [main: CodeCraft-2019.py, 135] answer_path is config/answer.txt
[2019-03-15 23:10:09] INFO [main: CodeCraft-2019.py, 132] car_path is config/car.txt
[2019-03-15 23:10:09] INFO [main: CodeCraft-2019.py, 133] road_path is config/road.txt
[2019-03-15 23:10:09] INFO [main: CodeCraft-2019.py, 134] cross_path is config/cross.txt
[2019-03-15 23:10:09] INFO [main: CodeCraft-2019.py, 135] answer_path is config/answer.txt
[2019-03-15 23:10:11] INFO [main: CodeCraft-2019.py, 132] car_path is config/car.txt
[2019-03-15 23:10:11] INFO [main: CodeCraft-2019.py, 133] road_path is config/road.txt
[2019-03-15 23:10:11] INFO [main: CodeCraft-2019.py, 134] cross_path is config/cross.txt
[2019-03-15 23:10:11] INFO [main: CodeCraft-2019.py, 135] answer_path is config/answer.txt
[2019-03-15 23:10:23] INFO [main: CodeCraft-2019.py, 132] car_path is config/car.txt
[2019-03-15 23:10:23] INFO [main: CodeCraft-2019.py, 133] road_path is config/road.txt
[2019-03-15 23:10:23] INFO [main: CodeCraft-2019.py, 134] cross_path is config/cross.txt
[2019-03-15 23:10:23] INFO [main: CodeCraft-2019.py, 135] answer_path is config/answer.txt
[2019-03-15 23:10:25] INFO [main: CodeCraft-2019.py, 132] car_path is config/car.txt
[2019-03-15 23:10:25] INFO [main: CodeCraft-2019.py, 133] road_path is config/road.txt
[2019-03-15 23:10:25] INFO [main: CodeCraft-2019.py, 134] cross_path is config/cross.txt
[2019-03-15 23:10:25] INFO [main: CodeCraft-2019.py, 135] answer_path is config/answer.txt
[2019-03-15 23:10:51] INFO [main: CodeCraft-2019.py, 132] car_path is config/car.txt
[2019-03-15 23:10:51] INFO [main: CodeCraft-2019.py, 133] road_path is config/road.txt
[2019-03-15 23:10:51] INFO [main: CodeCraft-2019.py, 134] cross_path is config/cross.txt
[2019-03-15 23:10:51] INFO [main: CodeCraft-2019.py, 135] answer_path is config/answer.txt
[2019-03-15 23:11:07] INFO [main: CodeCraft-2019.py, 132] car_path is config/car.txt
[2019-03-15 23:11:07] INFO [main: CodeCraft-2019.py, 133] road_path is config/road.txt
[2019-03-15 23:11:07] INFO [main: CodeCraft-2019.py, 134] cross_path is config/cross.txt
[2019-03-15 23:11:07] INFO [main: CodeCraft-2019.py, 135] answer_path is config/answer.txt
[2019-03-15 23:11:26] INFO [main: CodeCraft-2019.py, 132] car_path is config/car.txt
[2019-03-15 23:11:26] INFO [main: CodeCraft-2019.py, 133] road_path is config/road.txt
[2019-03-15 23:11:26] INFO [main: CodeCraft-2019.py, 134] cross_path is config/cross.txt
[2019-03-15 23:11:26] INFO [main: CodeCraft-2019.py, 135] answer_path is config/answer.txt
[2019-03-15 23:12:14] INFO [main: CodeCraft-2019.py, 132] car_path is config/car.txt
[2019-03-15 23:12:14] INFO [main: CodeCraft-2019.py, 133] road_path is config/road.txt
[2019-03-15 23:12:14] INFO [main: CodeCraft-2019.py, 134] cross_path is config/cross.txt
[2019-03-15 23:12:14] INFO [main: CodeCraft-2019.py, 135] answer_path is config/answer.txt
[2019-03-15 23:13:26] INFO [main: CodeCraft-2019.py, 132] car_path is config/car.txt
[2019-03-15 23:13:26] INFO [main: CodeCraft-2019.py, 133] road_path is config/road.txt
[2019-03-15 23:13:26] INFO [main: CodeCraft-2019.py, 134] cross_path is config/cross.txt
[2019-03-15 23:13:26] INFO [main: CodeCraft-2019.py, 135] answer_path is config/answer.txt
[2019-03-15 23:14:14] INFO [main: CodeCraft-2019.py, 132] car_path is config/car.txt
[2019-03-15 23:14:14] INFO [main: CodeCraft-2019.py, 133] road_path is config/road.txt
[2019-03-15 23:14:14] INFO [main: CodeCraft-2019.py, 134] cross_path is config/cross.txt
[2019-03-15 23:14:14] INFO [main: CodeCraft-2019.py, 135] answer_path is config/answer.txt
[2019-03-15 23:14:34] INFO [main: CodeCraft-2019.py, 132] car_path is config/car.txt
[2019-03-15 23:14:34] INFO [main: CodeCraft-2019.py, 133] road_path is config/road.txt
[2019-03-15 23:14:34] INFO [main: CodeCraft-2019.py, 134] cross_path is config/cross.txt
[2019-03-15 23:14:34] INFO [main: CodeCraft-2019.py, 135] answer_path is config/answer.txt
[2019-03-15 23:15:05] INFO [main: CodeCraft-2019.py, 132] car_path is config/car.txt
[2019-03-15 23:15:05] INFO [main: CodeCraft-2019.py, 133] road_path is config/road.txt
[2019-03-15 23:15:05] INFO [main: CodeCraft-2019.py, 134] cross_path is config/cross.txt
[2019-03-15 23:15:05] INFO [main: CodeCraft-2019.py, 135] answer_path is config/answer.txt
[2019-03-15 23:15:32] INFO [main: CodeCraft-2019.py, 132] car_path is config/car.txt
[2019-03-15 23:15:32] INFO [main: CodeCraft-2019.py, 133] road_path is config/road.txt
[2019-03-15 23:15:32] INFO [main: CodeCraft-2019.py, 134] cross_path is config/cross.txt
[2019-03-15 23:15:32] INFO [main: CodeCraft-2019.py, 135] answer_path is config/answer.txt
[2019-03-15 23:15:34] INFO [main: CodeCraft-2019.py, 132] car_path is config/car.txt
[2019-03-15 23:15:34] INFO [main: CodeCraft-2019.py, 133] road_path is config/road.txt
[2019-03-15 23:15:34] INFO [main: CodeCraft-2019.py, 134] cross_path is config/cross.txt
[2019-03-15 23:15:34] INFO [main: CodeCraft-2019.py, 135] answer_path is config/answer.txt
[2019-03-15 23:16:15] INFO [main: CodeCraft-2019.py, 132] car_path is config/car.txt
[2019-03-15 23:16:15] INFO [main: CodeCraft-2019.py, 133] road_path is config/road.txt
[2019-03-15 23:16:15] INFO [main: CodeCraft-2019.py, 134] cross_path is config/cross.txt
[2019-03-15 23:16:15] INFO [main: CodeCraft-2019.py, 135] answer_path is config/answer.txt
[2019-03-15 23:18:43] INFO [main: CodeCraft-2019.py, 132] car_path is config/car.txt
[2019-03-15 23:18:43] INFO [main: CodeCraft-2019.py, 133] road_path is config/road.txt
[2019-03-15 23:18:43] INFO [main: CodeCraft-2019.py, 134] cross_path is config/cross.txt
[2019-03-15 23:18:43] INFO [main: CodeCraft-2019.py, 135] answer_path is config/answer.txt
[2019-03-15 23:19:07] INFO [main: CodeCraft-2019.py, 132] car_path is config/car.txt
[2019-03-15 23:19:07] INFO [main: CodeCraft-2019.py, 133] road_path is config/road.txt
[2019-03-15 23:19:07] INFO [main: CodeCraft-2019.py, 134] cross_path is config/cross.txt
[2019-03-15 23:19:07] INFO [main: CodeCraft-2019.py, 135] answer_path is config/answer.txt
[2019-03-15 23:19:36] INFO [main: CodeCraft-2019.py, 132] car_path is config/car.txt
[2019-03-15 23:19:36] INFO [main: CodeCraft-2019.py, 133] road_path is config/road.txt
[2019-03-15 23:19:36] INFO [main: CodeCraft-2019.py, 134] cross_path is config/cross.txt
[2019-03-15 23:19:36] INFO [main: CodeCraft-2019.py, 135] answer_path is config/answer.txt
[2019-03-15 23:20:56] INFO [main: CodeCraft-2019.py, 132] car_path is config/car.txt
[2019-03-15 23:20:56] INFO [main: CodeCraft-2019.py, 133] road_path is config/road.txt
[2019-03-15 23:20:56] INFO [main: CodeCraft-2019.py, 134] cross_path is config/cross.txt
[2019-03-15 23:20:56] INFO [main: CodeCraft-2019.py, 135] answer_path is config/answer.txt
[2019-03-15 23:24:36] INFO [main: CodeCraft-2019.py, 132] car_path is config/car.txt
[2019-03-15 23:24:36] INFO [main: CodeCraft-2019.py, 133] road_path is config/road.txt
[2019-03-15 23:24:36] INFO [main: CodeCraft-2019.py, 134] cross_path is config/cross.txt
[2019-03-15 23:24:36] INFO [main: CodeCraft-2019.py, 135] answer_path is config/answer.txt
[2019-03-16 13:09:40] INFO [main: CodeCraft-2019.py, 132] car_path is config/car.txt
[2019-03-16 13:09:40] INFO [main: CodeCraft-2019.py, 133] road_path is config/road.txt
[2019-03-16 13:09:40] INFO [main: CodeCraft-2019.py, 134] cross_path is config/cross.txt
[2019-03-16 13:09:40] INFO [main: CodeCraft-2019.py, 135] answer_path is config/answer.txt
[2019-03-16 13:10:27] INFO [main: CodeCraft-2019.py, 132] car_path is config/car.txt
[2019-03-16 13:10:27] INFO [main: CodeCraft-2019.py, 133] road_path is config/road.txt
[2019-03-16 13:10:27] INFO [main: CodeCraft-2019.py, 134] cross_path is config/cross.txt
[2019-03-16 13:10:27] INFO [main: CodeCraft-2019.py, 135] answer_path is config/answer.txt
[2019-03-16 13:11:52] INFO [main: CodeCraft-2019.py, 132] car_path is config/car.txt
[2019-03-16 13:11:52] INFO [main: CodeCraft-2019.py, 133] road_path is config/road.txt
[2019-03-16 13:11:52] INFO [main: CodeCraft-2019.py, 134] cross_path is config/cross.txt
[2019-03-16 13:11:52] INFO [main: CodeCraft-2019.py, 135] answer_path is config/answer.txt
[2019-03-16 13:12:25] INFO [main: CodeCraft-2019.py, 132] car_path is config/car.txt
[2019-03-16 13:12:25] INFO [main: CodeCraft-2019.py, 133] road_path is config/road.txt
[2019-03-16 13:12:25] INFO [main: CodeCraft-2019.py, 134] cross_path is config/cross.txt
[2019-03-16 13:12:25] INFO [main: CodeCraft-2019.py, 135] answer_path is config/answer.txt
[2019-03-16 13:13:11] INFO [main: CodeCraft-2019.py, 132] car_path is config/car.txt
[2019-03-16 13:13:11] INFO [main: CodeCraft-2019.py, 133] road_path is config/road.txt
[2019-03-16 13:13:11] INFO [main: CodeCraft-2019.py, 134] cross_path is config/cross.txt
[2019-03-16 13:13:11] INFO [main: CodeCraft-2019.py, 135] answer_path is config/answer.txt
[2019-03-16 13:16:39] INFO [main: CodeCraft-2019.py, 132] car_path is config/car.txt
[2019-03-16 13:16:39] INFO [main: CodeCraft-2019.py, 133] road_path is config/road.txt
[2019-03-16 13:16:39] INFO [main: CodeCraft-2019.py, 134] cross_path is config/cross.txt
[2019-03-16 13:16:39] INFO [main: CodeCraft-2019.py, 135] answer_path is config/answer.txt
[2019-03-16 13:16:51] INFO [main: CodeCraft-2019.py, 132] car_path is config/car.txt
[2019-03-16 13:16:51] INFO [main: CodeCraft-2019.py, 133] road_path is config/road.txt
[2019-03-16 13:16:51] INFO [main: CodeCraft-2019.py, 134] cross_path is config/cross.txt
[2019-03-16 13:16:51] INFO [main: CodeCraft-2019.py, 135] answer_path is config/answer.txt
[2019-03-16 13:17:45] INFO [main: CodeCraft-2019.py, 132] car_path is config/car.txt
[2019-03-16 13:17:45] INFO [main: CodeCraft-2019.py, 133] road_path is config/road.txt
[2019-03-16 13:17:45] INFO [main: CodeCraft-2019.py, 134] cross_path is config/cross.txt
[2019-03-16 13:17:45] INFO [main: CodeCraft-2019.py, 135] answer_path is config/answer.txt
[2019-03-16 13:18:07] INFO [main: CodeCraft-2019.py, 132] car_path is config/car.txt
[2019-03-16 13:18:07] INFO [main: CodeCraft-2019.py, 133] road_path is config/road.txt
[2019-03-16 13:18:07] INFO [main: CodeCraft-2019.py, 134] cross_path is config/cross.txt
[2019-03-16 13:18:07] INFO [main: CodeCraft-2019.py, 135] answer_path is config/answer.txt
[2019-03-16 13:21:47] INFO [main: CodeCraft-2019.py, 132] car_path is config/car.txt
[2019-03-16 13:21:47] INFO [main: CodeCraft-2019.py, 133] road_path is config/road.txt
[2019-03-16 13:21:47] INFO [main: CodeCraft-2019.py, 134] cross_path is config/cross.txt
[2019-03-16 13:21:47] INFO [main: CodeCraft-2019.py, 135] answer_path is config/answer.txt
[2019-03-16 13:22:05] INFO [main: CodeCraft-2019.py, 132] car_path is config/car.txt
[2019-03-16 13:22:05] INFO [main: CodeCraft-2019.py, 133] road_path is config/road.txt
[2019-03-16 13:22:05] INFO [main: CodeCraft-2019.py, 134] cross_path is config/cross.txt
[2019-03-16 13:22:05] INFO [main: CodeCraft-2019.py, 135] answer_path is config/answer.txt
[2019-03-16 13:24:14] INFO [main: CodeCraft-2019.py, 132] car_path is config/car.txt
[2019-03-16 13:24:14] INFO [main: CodeCraft-2019.py, 133] road_path is config/road.txt
[2019-03-16 13:24:14] INFO [main: CodeCraft-2019.py, 134] cross_path is config/cross.txt
[2019-03-16 13:24:14] INFO [main: CodeCraft-2019.py, 135] answer_path is config/answer.txt
[2019-03-16 13:25:43] INFO [main: CodeCraft-2019.py, 132] car_path is config/car.txt
[2019-03-16 13:25:43] INFO [main: CodeCraft-2019.py, 133] road_path is config/road.txt
[2019-03-16 13:25:43] INFO [main: CodeCraft-2019.py, 134] cross_path is config/cross.txt
[2019-03-16 13:25:43] INFO [main: CodeCraft-2019.py, 135] answer_path is config/answer.txt
[2019-03-16 13:33:21] INFO [main: CodeCraft-2019.py, 146] car_path is config/car.txt
[2019-03-16 13:33:21] INFO [main: CodeCraft-2019.py, 147] road_path is config/road.txt
[2019-03-16 13:33:21] INFO [main: CodeCraft-2019.py, 148] cross_path is config/cross.txt
[2019-03-16 13:33:21] INFO [main: CodeCraft-2019.py, 149] answer_path is config/answer.txt
[2019-03-16 13:34:25] INFO [main: CodeCraft-2019.py, 146] car_path is config/car.txt
[2019-03-16 13:34:25] INFO [main: CodeCraft-2019.py, 147] road_path is config/road.txt
[2019-03-16 13:34:25] INFO [main: CodeCraft-2019.py, 148] cross_path is config/cross.txt
[2019-03-16 13:34:25] INFO [main: CodeCraft-2019.py, 149] answer_path is config/answer.txt
[2019-03-16 13:39:23] INFO [main: CodeCraft-2019.py, 156] car_path is config/car.txt
[2019-03-16 13:39:23] INFO [main: CodeCraft-2019.py, 157] road_path is config/road.txt
[2019-03-16 13:39:23] INFO [main: CodeCraft-2019.py, 158] cross_path is config/cross.txt
[2019-03-16 13:39:23] INFO [main: CodeCraft-2019.py, 159] answer_path is config/answer.txt
[2019-03-16 13:40:31] INFO [main: CodeCraft-2019.py, 156] car_path is config/car.txt
[2019-03-16 13:40:31] INFO [main: CodeCraft-2019.py, 157] road_path is config/road.txt
[2019-03-16 13:40:31] INFO [main: CodeCraft-2019.py, 158] cross_path is config/cross.txt
[2019-03-16 13:40:31] INFO [main: CodeCraft-2019.py, 159] answer_path is config/answer.txt
[2019-03-16 13:40:55] INFO [main: CodeCraft-2019.py, 156] car_path is config/car.txt
[2019-03-16 13:40:55] INFO [main: CodeCraft-2019.py, 157] road_path is config/road.txt
[2019-03-16 13:40:55] INFO [main: CodeCraft-2019.py, 158] cross_path is config/cross.txt
[2019-03-16 13:40:55] INFO [main: CodeCraft-2019.py, 159] answer_path is config/answer.txt
[2019-03-16 13:41:35] INFO [main: CodeCraft-2019.py, 157] car_path is config/car.txt
[2019-03-16 13:41:35] INFO [main: CodeCraft-2019.py, 158] road_path is config/road.txt
[2019-03-16 13:41:35] INFO [main: CodeCraft-2019.py, 159] cross_path is config/cross.txt
[2019-03-16 13:41:35] INFO [main: CodeCraft-2019.py, 160] answer_path is config/answer.txt
[2019-03-16 13:42:07] INFO [main: CodeCraft-2019.py, 157] car_path is config/car.txt
[2019-03-16 13:42:07] INFO [main: CodeCraft-2019.py, 158] road_path is config/road.txt
[2019-03-16 13:42:07] INFO [main: CodeCraft-2019.py, 159] cross_path is config/cross.txt
[2019-03-16 13:42:07] INFO [main: CodeCraft-2019.py, 160] answer_path is config/answer.txt
[2019-03-16 13:42:46] INFO [main: CodeCraft-2019.py, 156] car_path is config/car.txt
[2019-03-16 13:42:46] INFO [main: CodeCraft-2019.py, 157] road_path is config/road.txt
[2019-03-16 13:42:46] INFO [main: CodeCraft-2019.py, 158] cross_path is config/cross.txt
[2019-03-16 13:42:46] INFO [main: CodeCraft-2019.py, 159] answer_path is config/answer.txt
[2019-03-16 13:45:09] INFO [main: CodeCraft-2019.py, 155] car_path is config/car.txt
[2019-03-16 13:45:09] INFO [main: CodeCraft-2019.py, 156] road_path is config/road.txt
[2019-03-16 13:45:09] INFO [main: CodeCraft-2019.py, 157] cross_path is config/cross.txt
[2019-03-16 13:45:09] INFO [main: CodeCraft-2019.py, 158] answer_path is config/answer.txt
[2019-03-16 13:45:43] INFO [main: CodeCraft-2019.py, 155] car_path is config/car.txt
[2019-03-16 13:45:43] INFO [main: CodeCraft-2019.py, 156] road_path is config/road.txt
[2019-03-16 13:45:43] INFO [main: CodeCraft-2019.py, 157] cross_path is config/cross.txt
[2019-03-16 13:45:43] INFO [main: CodeCraft-2019.py, 158] answer_path is config/answer.txt
[2019-03-16 13:46:59] INFO [main: CodeCraft-2019.py, 155] car_path is config/car.txt
[2019-03-16 13:46:59] INFO [main: CodeCraft-2019.py, 156] road_path is config/road.txt
[2019-03-16 13:46:59] INFO [main: CodeCraft-2019.py, 157] cross_path is config/cross.txt
[2019-03-16 13:46:59] INFO [main: CodeCraft-2019.py, 158] answer_path is config/answer.txt
[2019-03-16 13:47:32] INFO [main: CodeCraft-2019.py, 155] car_path is config/car.txt
[2019-03-16 13:47:32] INFO [main: CodeCraft-2019.py, 156] road_path is config/road.txt
[2019-03-16 13:47:32] INFO [main: CodeCraft-2019.py, 157] cross_path is config/cross.txt
[2019-03-16 13:47:32] INFO [main: CodeCraft-2019.py, 158] answer_path is config/answer.txt
[2019-03-16 13:53:03] INFO [main: CodeCraft-2019.py, 153] car_path is config/car.txt
[2019-03-16 13:53:03] INFO [main: CodeCraft-2019.py, 154] road_path is config/road.txt
[2019-03-16 13:53:03] INFO [main: CodeCraft-2019.py, 155] cross_path is config/cross.txt
[2019-03-16 13:53:03] INFO [main: CodeCraft-2019.py, 156] answer_path is config/answer.txt
[2019-03-16 14:08:23] INFO [main: CodeCraft-2019.py, 153] car_path is config/car.txt
[2019-03-16 14:08:23] INFO [main: CodeCraft-2019.py, 154] road_path is config/road.txt
[2019-03-16 14:08:23] INFO [main: CodeCraft-2019.py, 155] cross_path is config/cross.txt
[2019-03-16 14:08:23] INFO [main: CodeCraft-2019.py, 156] answer_path is config/answer.txt
[2019-03-16 14:08:38] INFO [main: CodeCraft-2019.py, 153] car_path is config/car.txt
[2019-03-16 14:08:38] INFO [main: CodeCraft-2019.py, 154] road_path is config/road.txt
[2019-03-16 14:08:38] INFO [main: CodeCraft-2019.py, 155] cross_path is config/cross.txt
[2019-03-16 14:08:38] INFO [main: CodeCraft-2019.py, 156] answer_path is config/answer.txt
[2019-03-16 14:09:06] INFO [main: CodeCraft-2019.py, 153] car_path is config/car.txt
[2019-03-16 14:09:06] INFO [main: CodeCraft-2019.py, 154] road_path is config/road.txt
[2019-03-16 14:09:06] INFO [main: CodeCraft-2019.py, 155] cross_path is config/cross.txt
[2019-03-16 14:09:06] INFO [main: CodeCraft-2019.py, 156] answer_path is config/answer.txt
[2019-03-16 14:16:49] INFO [main: CodeCraft-2019.py, 153] car_path is config/car.txt
[2019-03-16 14:16:49] INFO [main: CodeCraft-2019.py, 154] road_path is config/road.txt
[2019-03-16 14:16:49] INFO [main: CodeCraft-2019.py, 155] cross_path is config/cross.txt
[2019-03-16 14:16:49] INFO [main: CodeCraft-2019.py, 156] answer_path is config/answer.txt
[2019-03-16 14:23:24] INFO [main: CodeCraft-2019.py, 153] car_path is config/car.txt
[2019-03-16 14:23:24] INFO [main: CodeCraft-2019.py, 154] road_path is config/road.txt
[2019-03-16 14:23:24] INFO [main: CodeCraft-2019.py, 155] cross_path is config/cross.txt
[2019-03-16 14:23:24] INFO [main: CodeCraft-2019.py, 156] answer_path is config/answer.txt
[2019-03-20 15:48:55] INFO [main: CodeCraft-2019.py, 153] car_path is config/car.txt
[2019-03-20 15:48:55] INFO [main: CodeCraft-2019.py, 154] road_path is config/road.txt
[2019-03-20 15:48:55] INFO [main: CodeCraft-2019.py, 155] cross_path is config/cross.txt
[2019-03-20 15:48:55] INFO [main: CodeCraft-2019.py, 156] answer_path is config/answer.txt
[2019-03-20 15:50:13] INFO [main: CodeCraft-2019.py, 153] car_path is config/car.txt
[2019-03-20 15:50:13] INFO [main: CodeCraft-2019.py, 154] road_path is config/road.txt
[2019-03-20 15:50:13] INFO [main: CodeCraft-2019.py, 155] cross_path is config/cross.txt
[2019-03-20 15:50:13] INFO [main: CodeCraft-2019.py, 156] answer_path is config/answer.txt
[2019-03-20 15:50:56] INFO [main: CodeCraft-2019.py, 153] car_path is config/car.txt
[2019-03-20 15:50:56] INFO [main: CodeCraft-2019.py, 154] road_path is config/road.txt
[2019-03-20 15:50:56] INFO [main: CodeCraft-2019.py, 155] cross_path is config/cross.txt
[2019-03-20 15:50:56] INFO [main: CodeCraft-2019.py, 156] answer_path is config/answer.txt
[2019-03-20 15:51:45] INFO [main: CodeCraft-2019.py, 153] car_path is config/car.txt
[2019-03-20 15:51:45] INFO [main: CodeCraft-2019.py, 154] road_path is config/road.txt
[2019-03-20 15:51:45] INFO [main: CodeCraft-2019.py, 155] cross_path is config/cross.txt
[2019-03-20 15:51:45] INFO [main: CodeCraft-2019.py, 156] answer_path is config/answer.txt
[2019-03-20 15:51:58] INFO [main: CodeCraft-2019.py, 153] car_path is config/car.txt
[2019-03-20 15:51:58] INFO [main: CodeCraft-2019.py, 154] road_path is config/road.txt
[2019-03-20 15:51:58] INFO [main: CodeCraft-2019.py, 155] cross_path is config/cross.txt
[2019-03-20 15:51:58] INFO [main: CodeCraft-2019.py, 156] answer_path is config/answer.txt
[2019-03-20 16:43:59] INFO [main: CodeCraft-2019.py, 153] car_path is config/car.txt
[2019-03-20 16:43:59] INFO [main: CodeCraft-2019.py, 154] road_path is config/road.txt
[2019-03-20 16:43:59] INFO [main: CodeCraft-2019.py, 155] cross_path is config/cross.txt
[2019-03-20 16:43:59] INFO [main: CodeCraft-2019.py, 156] answer_path is config/answer.txt
